<?xml version="1.0" encoding="UTF-8"?>
<testng-results skipped="1" failed="0" ignored="0" total="1" passed="0">
  <reporter-output>
  </reporter-output>
  <suite name="Default suite" duration-ms="33275" started-at="2022-12-23T14:38:18 BDT" finished-at="2022-12-23T14:38:51 BDT">
    <groups>
    </groups>
    <test name="Default test" duration-ms="33275" started-at="2022-12-23T14:38:18 BDT" finished-at="2022-12-23T14:38:51 BDT">
      <class name="SeleniumFirstTestNG.FacebookFirstTestNG">
        <test-method status="FAIL" signature="setBrowser()[pri:0, instance:SeleniumFirstTestNG.FacebookFirstTestNG@4232c52b]" name="setBrowser" is-config="true" duration-ms="32870" started-at="2022-12-23T14:38:18 BDT" finished-at="2022-12-23T14:38:51 BDT">
          <exception class="org.openqa.selenium.SessionNotCreatedException">
            <message>
              <![CDATA[session not created: This version of ChromeDriver only supports Chrome version 92
Current browser version is 105.0.5195.127 with binary path C:\Program Files (x86)\Google\Chrome\Application\chrome.exe
Build info: version: '3.141.59', revision: 'e82be7d358', time: '2018-11-14T08:25:48'
System info: host: 'DESKTOP-K54U0PT', ip: '192.168.0.111', os.name: 'Windows 10', os.arch: 'amd64', os.version: '10.0', java.version: '1.8.0_301'
Driver info: driver.version: ChromeDriver
remote stacktrace: Backtrace:
Ordinal0 [0x00E52A33+2501171]
Ordinal0 [0x00DED1C1+2085313]
Ordinal0 [0x00CF1FA8+1056680]
Ordinal0 [0x00D1020A+1180170]
Ordinal0 [0x00D0C125+1163557]
Ordinal0 [0x00D0997F+1153407]
Ordinal0 [0x00D3999F+1350047]
Ordinal0 [0x00D3960A+1349130]
Ordinal0 [0x00D3551B+1332507]
Ordinal0 [0x00D11D74+1187188]
Ordinal0 [0x00D12BD9+1190873]
GetHandleVerifier [0x00FCEFE6+1504438]
GetHandleVerifier [0x0107DDA5+2220661]
GetHandleVerifier [0x00ED5589+481881]
GetHandleVerifier [0x00ED4639+477961]
Ordinal0 [0x00DF28BD+2107581]
Ordinal0 [0x00DF6728+2123560]
Ordinal0 [0x00DF6862+2123874]
Ordinal0 [0x00DFFA81+2161281]
BaseThreadInitThunk [0x768EFA29+25]
RtlGetAppContainerNamedObjectPath [0x77037A9E+286]
RtlGetAppContainerNamedObjectPath [0x77037A6E+238]
]]>
            </message>
            <full-stacktrace>
              <![CDATA[org.openqa.selenium.SessionNotCreatedException: session not created: This version of ChromeDriver only supports Chrome version 92
Current browser version is 105.0.5195.127 with binary path C:\Program Files (x86)\Google\Chrome\Application\chrome.exe
Build info: version: '3.141.59', revision: 'e82be7d358', time: '2018-11-14T08:25:48'
System info: host: 'DESKTOP-K54U0PT', ip: '192.168.0.111', os.name: 'Windows 10', os.arch: 'amd64', os.version: '10.0', java.version: '1.8.0_301'
Driver info: driver.version: ChromeDriver
remote stacktrace: Backtrace:
Ordinal0 [0x00E52A33+2501171]
Ordinal0 [0x00DED1C1+2085313]
Ordinal0 [0x00CF1FA8+1056680]
Ordinal0 [0x00D1020A+1180170]
Ordinal0 [0x00D0C125+1163557]
Ordinal0 [0x00D0997F+1153407]
Ordinal0 [0x00D3999F+1350047]
Ordinal0 [0x00D3960A+1349130]
Ordinal0 [0x00D3551B+1332507]
Ordinal0 [0x00D11D74+1187188]
Ordinal0 [0x00D12BD9+1190873]
GetHandleVerifier [0x00FCEFE6+1504438]
GetHandleVerifier [0x0107DDA5+2220661]
GetHandleVerifier [0x00ED5589+481881]
GetHandleVerifier [0x00ED4639+477961]
Ordinal0 [0x00DF28BD+2107581]
Ordinal0 [0x00DF6728+2123560]
Ordinal0 [0x00DF6862+2123874]
Ordinal0 [0x00DFFA81+2161281]
BaseThreadInitThunk [0x768EFA29+25]
RtlGetAppContainerNamedObjectPath [0x77037A9E+286]
RtlGetAppContainerNamedObjectPath [0x77037A6E+238]

at sun.reflect.NativeConstructorAccessorImpl.newInstance0(Native Method)
at sun.reflect.NativeConstructorAccessorImpl.newInstance(Unknown Source)
at sun.reflect.DelegatingConstructorAccessorImpl.newInstance(Unknown Source)
at java.lang.reflect.Constructor.newInstance(Unknown Source)
at org.openqa.selenium.remote.W3CHandshakeResponse.lambda$errorHandler$0(W3CHandshakeResponse.java:62)
at org.openqa.selenium.remote.HandshakeResponse.lambda$getResponseFunction$0(HandshakeResponse.java:30)
at org.openqa.selenium.remote.ProtocolHandshake.lambda$createSession$0(ProtocolHandshake.java:126)
at java.util.stream.ReferencePipeline$3$1.accept(Unknown Source)
at java.util.Spliterators$ArraySpliterator.tryAdvance(Unknown Source)
at java.util.stream.ReferencePipeline.forEachWithCancel(Unknown Source)
at java.util.stream.AbstractPipeline.copyIntoWithCancel(Unknown Source)
at java.util.stream.AbstractPipeline.copyInto(Unknown Source)
at java.util.stream.AbstractPipeline.wrapAndCopyInto(Unknown Source)
at java.util.stream.FindOps$FindOp.evaluateSequential(Unknown Source)
at java.util.stream.AbstractPipeline.evaluate(Unknown Source)
at java.util.stream.ReferencePipeline.findFirst(Unknown Source)
at org.openqa.selenium.remote.ProtocolHandshake.createSession(ProtocolHandshake.java:128)
at org.openqa.selenium.remote.ProtocolHandshake.createSession(ProtocolHandshake.java:74)
at org.openqa.selenium.remote.HttpCommandExecutor.execute(HttpCommandExecutor.java:136)
at org.openqa.selenium.remote.service.DriverCommandExecutor.execute(DriverCommandExecutor.java:83)
at org.openqa.selenium.remote.RemoteWebDriver.execute(RemoteWebDriver.java:552)
at org.openqa.selenium.remote.RemoteWebDriver.startSession(RemoteWebDriver.java:213)
at org.openqa.selenium.remote.RemoteWebDriver.<init>(RemoteWebDriver.java:131)
at org.openqa.selenium.chrome.ChromeDriver.<init>(ChromeDriver.java:181)
at org.openqa.selenium.chrome.ChromeDriver.<init>(ChromeDriver.java:168)
at org.openqa.selenium.chrome.ChromeDriver.<init>(ChromeDriver.java:123)
at SeleniumFirstTestNG.FacebookFirstTestNG.setBrowser(FacebookFirstTestNG.java:19)
at sun.reflect.NativeMethodAccessorImpl.invoke0(Native Method)
at sun.reflect.NativeMethodAccessorImpl.invoke(Unknown Source)
at sun.reflect.DelegatingMethodAccessorImpl.invoke(Unknown Source)
at java.lang.reflect.Method.invoke(Unknown Source)
at org.testng.internal.MethodInvocationHelper.invokeMethod(MethodInvocationHelper.java:133)
at org.testng.internal.MethodInvocationHelper.invokeMethodConsideringTimeout(MethodInvocationHelper.java:62)
at org.testng.internal.ConfigInvoker.invokeConfigurationMethod(ConfigInvoker.java:385)
at org.testng.internal.ConfigInvoker.invokeConfigurations(ConfigInvoker.java:321)
at org.testng.TestRunner.invokeTestConfigurations(TestRunner.java:637)
at org.testng.TestRunner.beforeRun(TestRunner.java:627)
at org.testng.TestRunner.run(TestRunner.java:589)
at org.testng.SuiteRunner.runTest(SuiteRunner.java:377)
at org.testng.SuiteRunner.runSequentially(SuiteRunner.java:371)
at org.testng.SuiteRunner.privateRun(SuiteRunner.java:332)
at org.testng.SuiteRunner.run(SuiteRunner.java:276)
at org.testng.SuiteRunnerWorker.runSuite(SuiteRunnerWorker.java:53)
at org.testng.SuiteRunnerWorker.run(SuiteRunnerWorker.java:96)
at org.testng.TestNG.runSuitesSequentially(TestNG.java:1212)
at org.testng.TestNG.runSuitesLocally(TestNG.java:1134)
at org.testng.TestNG.runSuites(TestNG.java:1063)
at org.testng.TestNG.run(TestNG.java:1031)
at org.testng.remote.AbstractRemoteTestNG.run(AbstractRemoteTestNG.java:115)
at org.testng.remote.RemoteTestNG.initAndRun(RemoteTestNG.java:251)
at org.testng.remote.RemoteTestNG.main(RemoteTestNG.java:77)
]]>
            </full-stacktrace>
          </exception> <!-- org.openqa.selenium.SessionNotCreatedException -->
          <reporter-output>
          </reporter-output>
        </test-method> <!-- setBrowser -->
        <test-method status="SKIP" signature="verifyHomepageTitle()[pri:0, instance:SeleniumFirstTestNG.FacebookFirstTestNG@4232c52b]" name="verifyHomepageTitle" duration-ms="0" started-at="2022-12-23T14:38:51 BDT" finished-at="2022-12-23T14:38:51 BDT">
          <exception class="org.openqa.selenium.SessionNotCreatedException">
            <message>
              <![CDATA[session not created: This version of ChromeDriver only supports Chrome version 92
Current browser version is 105.0.5195.127 with binary path C:\Program Files (x86)\Google\Chrome\Application\chrome.exe
Build info: version: '3.141.59', revision: 'e82be7d358', time: '2018-11-14T08:25:48'
System info: host: 'DESKTOP-K54U0PT', ip: '192.168.0.111', os.name: 'Windows 10', os.arch: 'amd64', os.version: '10.0', java.version: '1.8.0_301'
Driver info: driver.version: ChromeDriver
remote stacktrace: Backtrace:
Ordinal0 [0x00E52A33+2501171]
Ordinal0 [0x00DED1C1+2085313]
Ordinal0 [0x00CF1FA8+1056680]
Ordinal0 [0x00D1020A+1180170]
Ordinal0 [0x00D0C125+1163557]
Ordinal0 [0x00D0997F+1153407]
Ordinal0 [0x00D3999F+1350047]
Ordinal0 [0x00D3960A+1349130]
Ordinal0 [0x00D3551B+1332507]
Ordinal0 [0x00D11D74+1187188]
Ordinal0 [0x00D12BD9+1190873]
GetHandleVerifier [0x00FCEFE6+1504438]
GetHandleVerifier [0x0107DDA5+2220661]
GetHandleVerifier [0x00ED5589+481881]
GetHandleVerifier [0x00ED4639+477961]
Ordinal0 [0x00DF28BD+2107581]
Ordinal0 [0x00DF6728+2123560]
Ordinal0 [0x00DF6862+2123874]
Ordinal0 [0x00DFFA81+2161281]
BaseThreadInitThunk [0x768EFA29+25]
RtlGetAppContainerNamedObjectPath [0x77037A9E+286]
RtlGetAppContainerNamedObjectPath [0x77037A6E+238]
]]>
            </message>
            <full-stacktrace>
              <![CDATA[org.openqa.selenium.SessionNotCreatedException: session not created: This version of ChromeDriver only supports Chrome version 92
Current browser version is 105.0.5195.127 with binary path C:\Program Files (x86)\Google\Chrome\Application\chrome.exe
Build info: version: '3.141.59', revision: 'e82be7d358', time: '2018-11-14T08:25:48'
System info: host: 'DESKTOP-K54U0PT', ip: '192.168.0.111', os.name: 'Windows 10', os.arch: 'amd64', os.version: '10.0', java.version: '1.8.0_301'
Driver info: driver.version: ChromeDriver
remote stacktrace: Backtrace:
Ordinal0 [0x00E52A33+2501171]
Ordinal0 [0x00DED1C1+2085313]
Ordinal0 [0x00CF1FA8+1056680]
Ordinal0 [0x00D1020A+1180170]
Ordinal0 [0x00D0C125+1163557]
Ordinal0 [0x00D0997F+1153407]
Ordinal0 [0x00D3999F+1350047]
Ordinal0 [0x00D3960A+1349130]
Ordinal0 [0x00D3551B+1332507]
Ordinal0 [0x00D11D74+1187188]
Ordinal0 [0x00D12BD9+1190873]
GetHandleVerifier [0x00FCEFE6+1504438]
GetHandleVerifier [0x0107DDA5+2220661]
GetHandleVerifier [0x00ED5589+481881]
GetHandleVerifier [0x00ED4639+477961]
Ordinal0 [0x00DF28BD+2107581]
Ordinal0 [0x00DF6728+2123560]
Ordinal0 [0x00DF6862+2123874]
Ordinal0 [0x00DFFA81+2161281]
BaseThreadInitThunk [0x768EFA29+25]
RtlGetAppContainerNamedObjectPath [0x77037A9E+286]
RtlGetAppContainerNamedObjectPath [0x77037A6E+238]

at sun.reflect.NativeConstructorAccessorImpl.newInstance0(Native Method)
at sun.reflect.NativeConstructorAccessorImpl.newInstance(Unknown Source)
at sun.reflect.DelegatingConstructorAccessorImpl.newInstance(Unknown Source)
at java.lang.reflect.Constructor.newInstance(Unknown Source)
at org.openqa.selenium.remote.W3CHandshakeResponse.lambda$errorHandler$0(W3CHandshakeResponse.java:62)
at org.openqa.selenium.remote.HandshakeResponse.lambda$getResponseFunction$0(HandshakeResponse.java:30)
at org.openqa.selenium.remote.ProtocolHandshake.lambda$createSession$0(ProtocolHandshake.java:126)
at java.util.stream.ReferencePipeline$3$1.accept(Unknown Source)
at java.util.Spliterators$ArraySpliterator.tryAdvance(Unknown Source)
at java.util.stream.ReferencePipeline.forEachWithCancel(Unknown Source)
at java.util.stream.AbstractPipeline.copyIntoWithCancel(Unknown Source)
at java.util.stream.AbstractPipeline.copyInto(Unknown Source)
at java.util.stream.AbstractPipeline.wrapAndCopyInto(Unknown Source)
at java.util.stream.FindOps$FindOp.evaluateSequential(Unknown Source)
at java.util.stream.AbstractPipeline.evaluate(Unknown Source)
at java.util.stream.ReferencePipeline.findFirst(Unknown Source)
at org.openqa.selenium.remote.ProtocolHandshake.createSession(ProtocolHandshake.java:128)
at org.openqa.selenium.remote.ProtocolHandshake.createSession(ProtocolHandshake.java:74)
at org.openqa.selenium.remote.HttpCommandExecutor.execute(HttpCommandExecutor.java:136)
at org.openqa.selenium.remote.service.DriverCommandExecutor.execute(DriverCommandExecutor.java:83)
at org.openqa.selenium.remote.RemoteWebDriver.execute(RemoteWebDriver.java:552)
at org.openqa.selenium.remote.RemoteWebDriver.startSession(RemoteWebDriver.java:213)
at org.openqa.selenium.remote.RemoteWebDriver.<init>(RemoteWebDriver.java:131)
at org.openqa.selenium.chrome.ChromeDriver.<init>(ChromeDriver.java:181)
at org.openqa.selenium.chrome.ChromeDriver.<init>(ChromeDriver.java:168)
at org.openqa.selenium.chrome.ChromeDriver.<init>(ChromeDriver.java:123)
at SeleniumFirstTestNG.FacebookFirstTestNG.setBrowser(FacebookFirstTestNG.java:19)
at sun.reflect.NativeMethodAccessorImpl.invoke0(Native Method)
at sun.reflect.NativeMethodAccessorImpl.invoke(Unknown Source)
at sun.reflect.DelegatingMethodAccessorImpl.invoke(Unknown Source)
at java.lang.reflect.Method.invoke(Unknown Source)
at org.testng.internal.MethodInvocationHelper.invokeMethod(MethodInvocationHelper.java:133)
at org.testng.internal.MethodInvocationHelper.invokeMethodConsideringTimeout(MethodInvocationHelper.java:62)
at org.testng.internal.ConfigInvoker.invokeConfigurationMethod(ConfigInvoker.java:385)
at org.testng.internal.ConfigInvoker.invokeConfigurations(ConfigInvoker.java:321)
at org.testng.TestRunner.invokeTestConfigurations(TestRunner.java:637)
at org.testng.TestRunner.beforeRun(TestRunner.java:627)
at org.testng.TestRunner.run(TestRunner.java:589)
at org.testng.SuiteRunner.runTest(SuiteRunner.java:377)
at org.testng.SuiteRunner.runSequentially(SuiteRunner.java:371)
at org.testng.SuiteRunner.privateRun(SuiteRunner.java:332)
at org.testng.SuiteRunner.run(SuiteRunner.java:276)
at org.testng.SuiteRunnerWorker.runSuite(SuiteRunnerWorker.java:53)
at org.testng.SuiteRunnerWorker.run(SuiteRunnerWorker.java:96)
at org.testng.TestNG.runSuitesSequentially(TestNG.java:1212)
at org.testng.TestNG.runSuitesLocally(TestNG.java:1134)
at org.testng.TestNG.runSuites(TestNG.java:1063)
at org.testng.TestNG.run(TestNG.java:1031)
at org.testng.remote.AbstractRemoteTestNG.run(AbstractRemoteTestNG.java:115)
at org.testng.remote.RemoteTestNG.initAndRun(RemoteTestNG.java:251)
at org.testng.remote.RemoteTestNG.main(RemoteTestNG.java:77)
]]>
            </full-stacktrace>
          </exception> <!-- org.openqa.selenium.SessionNotCreatedException -->
          <reporter-output>
          </reporter-output>
        </test-method> <!-- verifyHomepageTitle -->
        <test-method status="SKIP" signature="exit()[pri:0, instance:SeleniumFirstTestNG.FacebookFirstTestNG@4232c52b]" name="exit" is-config="true" duration-ms="-1671784731859" started-at="2022-12-23T14:38:51 BDT" finished-at="1970-01-01T06:00:00 BDT">
          <reporter-output>
          </reporter-output>
        </test-method> <!-- exit -->
      </class> <!-- SeleniumFirstTestNG.FacebookFirstTestNG -->
    </test> <!-- Default test -->
  </suite> <!-- Default suite -->
</testng-results>
